<?xml version="1.0" encoding="UTF-8"?>
<!-- Generated by org.testng.reporters.JUnitReportReporter -->
<testsuite skipped="0" hostname="DESKTOP-418NQCC" name="org.test.group.A" tests="6" failures="0" timestamp="10 Nov 2022 11:51:28 GMT" time="0.071" errors="0">
  <testcase name="testa6" time="0.008" classname="org.test.group.A"/>
  <testcase name="testa8" time="0.012" classname="org.test.group.A"/>
  <testcase name="testa4" time="0.005" classname="org.test.group.A"/>
  <testcase name="testa3" time="0.011" classname="org.test.group.A"/>
  <testcase name="testa7" time="0.007" classname="org.test.group.A"/>
  <testcase name="testa2" time="0.028" classname="org.test.group.A"/>
</testsuite> <!-- org.test.group.A -->
