<?xml version="1.0" encoding="UTF-8"?>
<!-- Generated by org.testng.reporters.JUnitReportReporter -->
<testsuite skipped="0" hostname="DESKTOP-418NQCC" name="org.rough.PrintSearchSug" tests="1" failures="0" timestamp="09 Nov 2022 02:41:40 GMT" time="5.625" errors="0">
  <testcase name="Test1" time="5.625" classname="org.rough.PrintSearchSug"/>
</testsuite> <!-- org.rough.PrintSearchSug -->
