<?xml version="1.0" encoding="UTF-8"?>
<!-- Generated by org.testng.reporters.JUnitReportReporter -->
<testsuite skipped="0" hostname="DESKTOP-418NQCC" name="org.abc.A" tests="9" failures="0" timestamp="21 Nov 2022 17:04:04 GMT" time="0.145" errors="0">
  <testcase name="testA1" time="0.016" classname="org.abc.A"/>
  <testcase name="TestA3" time="0.038" classname="org.abc.A"/>
  <testcase name="testA1" time="0.000" classname="org.abc.A"/>
  <testcase name="testA1" time="0.038" classname="org.abc.A"/>
  <testcase name="TestA2" time="0.015" classname="org.abc.A"/>
  <testcase name="TestA3" time="0.000" classname="org.abc.A"/>
  <testcase name="TestA2" time="0.000" classname="org.abc.A"/>
  <testcase name="TestA3" time="0.000" classname="org.abc.A"/>
  <testcase name="TestA2" time="0.038" classname="org.abc.A"/>
</testsuite> <!-- org.abc.A -->
