<?xml version="1.0" encoding="UTF-8"?>
<!-- Generated by org.testng.reporters.JUnitReportReporter -->
<testsuite skipped="0" hostname="DESKTOP-418NQCC" name="org.rough.ExceptionHandling" tests="1" failures="0" timestamp="21 Dec 2022 01:17:30 GMT" time="0.022" errors="0">
  <testcase name="Excep" time="0.022" classname="org.rough.ExceptionHandling"/>
</testsuite> <!-- org.rough.ExceptionHandling -->
