<?xml version="1.0" encoding="UTF-8"?>
<!-- Generated by org.testng.reporters.JUnitReportReporter -->
<testsuite skipped="2" hostname="DESKTOP-418NQCC" name="org.test.rerun.A" tests="5" failures="0" timestamp="11 Sep 2022 07:46:21 GMT" time="17.481" errors="0">
  <testcase name="testa2" time="5.649" classname="org.test.rerun.A">
    <skipped/>
  </testcase> <!-- testa2 -->
  <testcase name="testa1" time="0.024" classname="org.test.rerun.A"/>
  <testcase name="testa2" time="5.556" classname="org.test.rerun.A">
    <skipped/>
  </testcase> <!-- testa2 -->
  <testcase name="testa3" time="0.004" classname="org.test.rerun.A"/>
  <testcase name="testa2" time="6.248" classname="org.test.rerun.A"/>
</testsuite> <!-- org.test.rerun.A -->
