<?xml version="1.0" encoding="UTF-8"?>
<!-- Generated by org.testng.reporters.JUnitReportReporter -->
<testsuite skipped="0" hostname="DESKTOP-418NQCC" name="org.abc.Parameter" tests="3" failures="0" timestamp="21 Nov 2022 16:57:19 GMT" time="0.000" errors="0">
  <testcase name="TestA1" time="0.000" classname="org.abc.Parameter"/>
  <testcase name="TestA3" time="0.000" classname="org.abc.Parameter"/>
  <testcase name="TestA2" time="0.000" classname="org.abc.Parameter"/>
</testsuite> <!-- org.abc.Parameter -->
