<?xml version="1.0" encoding="UTF-8"?>
<!-- Generated by org.testng.reporters.JUnitReportReporter -->
<testsuite skipped="2" hostname="DESKTOP-418NQCC" name="org.testng.test.Fbtestng" tests="9" failures="0" timestamp="10 Nov 2022 12:11:19 GMT" time="6.530" errors="0">
  <testcase name="test4" time="0.388" classname="org.testng.test.Fbtestng"/>
  <testcase name="test5" time="6.113" classname="org.testng.test.Fbtestng"/>
  <testcase name="test3" time="0.008" classname="org.testng.test.Fbtestng"/>
  <testcase name="test3" time="0.005" classname="org.testng.test.Fbtestng"/>
  <testcase name="test3" time="0.005" classname="org.testng.test.Fbtestng"/>
  <testcase name="test3" time="0.004" classname="org.testng.test.Fbtestng"/>
  <testcase name="test3" time="0.007" classname="org.testng.test.Fbtestng"/>
  <testcase name="test2" classname="org.testng.test.Fbtestng">
    <skipped/>
  </testcase> <!-- test2 -->
  <testcase name="test1" classname="org.testng.test.Fbtestng">
    <skipped/>
  </testcase> <!-- test1 -->
</testsuite> <!-- org.testng.test.Fbtestng -->
