<?xml version="1.0" encoding="UTF-8"?>
<!-- Generated by org.testng.reporters.JUnitReportReporter -->
<testsuite skipped="0" hostname="DESKTOP-418NQCC" name="org.abc.C" tests="9" failures="0" timestamp="21 Nov 2022 17:04:04 GMT" time="0.062" errors="0">
  <testcase name="TestC3" time="0.000" classname="org.abc.C"/>
  <testcase name="testC1" time="0.000" classname="org.abc.C"/>
  <testcase name="TestC3" time="0.015" classname="org.abc.C"/>
  <testcase name="TestC2" time="0.015" classname="org.abc.C"/>
  <testcase name="TestC3" time="0.016" classname="org.abc.C"/>
  <testcase name="testC1" time="0.000" classname="org.abc.C"/>
  <testcase name="TestC2" time="0.000" classname="org.abc.C"/>
  <testcase name="TestC2" time="0.000" classname="org.abc.C"/>
  <testcase name="testC1" time="0.016" classname="org.abc.C"/>
</testsuite> <!-- org.abc.C -->
