<?xml version="1.0" encoding="UTF-8"?>
<!-- Generated by org.testng.reporters.JUnitReportReporter -->
<testsuite skipped="0" hostname="DESKTOP-418NQCC" name="org.test.screenshot.InterviewScreenshot" tests="1" failures="0" timestamp="10 Nov 2022 12:08:16 GMT" time="7.034" errors="0">
  <testcase name="test5" time="7.034" classname="org.test.screenshot.InterviewScreenshot"/>
</testsuite> <!-- org.test.screenshot.InterviewScreenshot -->
