<?xml version="1.0" encoding="UTF-8"?>
<!-- Generated by org.testng.reporters.JUnitReportReporter -->
<testsuite skipped="0" hostname="DESKTOP-418NQCC" name="org.abc.dataprovider.A" tests="6" failures="0" timestamp="10 Nov 2022 02:25:04 GMT" time="0.117" errors="0">
  <testcase name="testa1" time="0.039" classname="org.abc.dataprovider.A"/>
  <testcase name="testa3" time="0.000" classname="org.abc.dataprovider.A"/>
  <testcase name="testa2" time="0.015" classname="org.abc.dataprovider.A"/>
  <testcase name="testa3" time="0.015" classname="org.abc.dataprovider.A"/>
  <testcase name="testa2" time="0.032" classname="org.abc.dataprovider.A"/>
  <testcase name="testa3" time="0.016" classname="org.abc.dataprovider.A"/>
</testsuite> <!-- org.abc.dataprovider.A -->
