<?xml version="1.0" encoding="UTF-8"?>
<!-- Generated by org.testng.reporters.JUnitReportReporter -->
<testsuite skipped="1" hostname="DESKTOP-418NQCC" name="org.rough.Rough" tests="9" failures="0" timestamp="16 Sep 2022 06:21:01 GMT" time="33.237" errors="0">
  <testcase name="test4" time="2.714" classname="org.rough.Rough"/>
  <testcase name="test2" time="17.958" classname="org.rough.Rough"/>
  <testcase name="test3" time="6.671" classname="org.rough.Rough"/>
  <testcase name="test6" time="1.453" classname="org.rough.Rough"/>
  <testcase name="test7" time="3.226" classname="org.rough.Rough"/>
  <testcase name="test8" time="0.598" classname="org.rough.Rough"/>
  <testcase name="test9" time="0.288" classname="org.rough.Rough"/>
  <testcase name="test10" time="0.329" classname="org.rough.Rough"/>
  <testcase name="test1" classname="org.rough.Rough">
    <skipped/>
  </testcase> <!-- test1 -->
</testsuite> <!-- org.rough.Rough -->
