<?xml version="1.0" encoding="UTF-8"?>
<!-- Generated by org.testng.reporters.JUnitReportReporter -->
<testsuite skipped="0" hostname="DESKTOP-418NQCC" name="org.testng.test.AssertTestNg" tests="2" failures="0" timestamp="20 Nov 2022 16:28:51 GMT" time="12.109" errors="0">
  <testcase name="test4" time="0.030" classname="org.testng.test.AssertTestNg"/>
  <testcase name="test3" time="12.079" classname="org.testng.test.AssertTestNg"/>
</testsuite> <!-- org.testng.test.AssertTestNg -->
