<?xml version="1.0" encoding="UTF-8"?>
<!-- Generated by org.testng.reporters.JUnitReportReporter -->
<testsuite skipped="0" hostname="DESKTOP-418NQCC" name="org.testng.test.AssertTestNGG" tests="2" failures="0" timestamp="20 Nov 2022 16:32:33 GMT" time="12.593" errors="0">
  <testcase name="test4" time="0.008" classname="org.testng.test.AssertTestNGG"/>
  <testcase name="test3" time="12.585" classname="org.testng.test.AssertTestNGG"/>
</testsuite> <!-- org.testng.test.AssertTestNGG -->
