<?xml version="1.0" encoding="UTF-8"?>
<!-- Generated by org.testng.reporters.JUnitReportReporter -->
<testsuite skipped="0" hostname="DESKTOP-418NQCC" name="org.abc.B" tests="9" failures="0" timestamp="21 Nov 2022 17:04:04 GMT" time="0.168" errors="0">
  <testcase name="TestB2" time="0.000" classname="org.abc.B"/>
  <testcase name="TestB3" time="0.000" classname="org.abc.B"/>
  <testcase name="testB1" time="0.000" classname="org.abc.B"/>
  <testcase name="TestB2" time="0.000" classname="org.abc.B"/>
  <testcase name="testB1" time="0.000" classname="org.abc.B"/>
  <testcase name="TestB2" time="0.101" classname="org.abc.B"/>
  <testcase name="TestB3" time="0.037" classname="org.abc.B"/>
  <testcase name="testB1" time="0.015" classname="org.abc.B"/>
  <testcase name="TestB3" time="0.015" classname="org.abc.B"/>
</testsuite> <!-- org.abc.B -->
