<?xml version="1.0" encoding="UTF-8"?>
<!-- Generated by org.testng.reporters.JUnitReportReporter -->
<testsuite skipped="2" hostname="DESKTOP-418NQCC" name="org.testng.test.Order" tests="7" failures="0" timestamp="10 Nov 2022 12:11:28 GMT" time="0.055" errors="0">
  <testcase name="test3" time="0.008" classname="org.testng.test.Order"/>
  <testcase name="test3" time="0.013" classname="org.testng.test.Order"/>
  <testcase name="test3" time="0.013" classname="org.testng.test.Order"/>
  <testcase name="test3" time="0.015" classname="org.testng.test.Order"/>
  <testcase name="test3" time="0.006" classname="org.testng.test.Order"/>
  <testcase name="test2" classname="org.testng.test.Order">
    <skipped/>
  </testcase> <!-- test2 -->
  <testcase name="test1" classname="org.testng.test.Order">
    <skipped/>
  </testcase> <!-- test1 -->
</testsuite> <!-- org.testng.test.Order -->
