<?xml version="1.0" encoding="UTF-8"?>
<!-- Generated by org.testng.reporters.JUnitReportReporter -->
<testsuite skipped="0" hostname="DESKTOP-418NQCC" name="org.rough.PrintSearchBox" tests="1" failures="0" timestamp="18 Sep 2022 09:31:40 GMT" time="5.389" errors="0">
  <testcase name="Test1" time="5.389" classname="org.rough.PrintSearchBox"/>
</testsuite> <!-- org.rough.PrintSearchBox -->
